Godot Engine v4.6.1.stable.mono.official.14d19694e - https://godotengine.org

RebuildTerrainObjects starting (diagnostic run, no save)...
WARNING: TerrainObjectsFill: no drawable mesh for 'crt14b' (missing mesh or skinned-only)
   at: void SphServer.Godot.Scripts.Terrain.Fill.TerrainObjectsFill.ProcessJsonForBatches(string, Godot.Node3D, Godot.Node3D, Godot.Node3D, System.Collections.Generic.Dictionary`2[System.ValueTuple`3[Godot.Node3D,System.String,Godot.Mesh],System.Collections.Generic.List`1[SphServer.Godot.Scripts.Terrain.Fill.TerrainObjectsFill+InstancePlacement]], System.Collections.Generic.Dictionary`2[System.String,SphServer.Godot.Scripts.Terrain.Fill.TerrainObjectsFill+ObjectSceneParts], SphServer.Godot.Scripts.Terrain.Fill.TerrainObjectsFill+ColliderBuildState) (res://Godot/Scripts/Terrain/Fill/TerrainObjectsFill.cs:388)
   GDScript backtrace (most recent call first):
       [0] _initialize (res://Tools/_diag_collider_triangles.gd:16)
   C# backtrace (most recent call first):
       [0] void Godot.GD.PushWarning(string) (/root/godot/modules/mono/glue/GodotSharp/GodotSharp/Core/GD.cs:396)
       [1] void SphServer.Godot.Scripts.Terrain.Fill.TerrainObjectsFill.ProcessJsonForBatches(string, Godot.Node3D, Godot.Node3D, Godot.Node3D, System.Collections.Generic.Dictionary`2[System.ValueTuple`3[Godot.Node3D,System.String,Godot.Mesh],System.Collections.Generic.List`1[SphServer.Godot.Scripts.Terrain.Fill.TerrainObjectsFill+InstancePlacement]], System.Collections.Generic.Dictionary`2[System.String,SphServer.Godot.Scripts.Terrain.Fill.TerrainObjectsFill+ObjectSceneParts], SphServer.Godot.Scripts.Terrain.Fill.TerrainObjectsFill+ColliderBuildState) (D:\SphereDev\SphereSource\SphereEmu\Godot\Scripts\Terrain\Fill\TerrainObjectsFill.cs:388)
       [2] void SphServer.Godot.Scripts.Terrain.Fill.TerrainObjectsFill.RebuildTerrainObjects() (D:\SphereDev\SphereSource\SphereEmu\Godot\Scripts\Terrain\Fill\TerrainObjectsFill.cs:186)
       [3] bool SphServer.Godot.Scripts.Terrain.Fill.TerrainObjectsFill.InvokeGodotClassMethod(Godot.NativeInterop.godot_string_name&, Godot.NativeInterop.NativeVariantPtrArgs, Godot.NativeInterop.godot_variant&) (D:\SphereDev\SphereSource\SphereEmu\.godot\mono\temp\obj\Debug\Godot.SourceGenerators\Godot.SourceGenerators.ScriptMethodsGenerator\SphServer.Godot.Scripts.Terrain.Fill.TerrainObjectsFill_ScriptMethods.generated.cs:116)
       [4] Godot.NativeInterop.godot_bool Godot.Bridge.CSharpInstanceBridge.Call(nint, Godot.NativeInterop.godot_string_name*, Godot.NativeInterop.godot_variant**, int, Godot.NativeInterop.godot_variant_call_error*, Godot.NativeInterop.godot_variant*) (/root/godot/modules/mono/glue/GodotSharp/GodotSharp/Core/Bridge/CSharpInstanceBridge.cs:24)
WARNING: TerrainObjectsFill: no drawable mesh for 'char19' (missing mesh or skinned-only)
   at: void SphServer.Godot.Scripts.Terrain.Fill.TerrainObjectsFill.ProcessJsonForBatches(string, Godot.Node3D, Godot.Node3D, Godot.Node3D, System.Collections.Generic.Dictionary`2[System.ValueTuple`3[Godot.Node3D,System.String,Godot.Mesh],System.Collections.Generic.List`1[SphServer.Godot.Scripts.Terrain.Fill.TerrainObjectsFill+InstancePlacement]], System.Collections.Generic.Dictionary`2[System.String,SphServer.Godot.Scripts.Terrain.Fill.TerrainObjectsFill+ObjectSceneParts], SphServer.Godot.Scripts.Terrain.Fill.TerrainObjectsFill+ColliderBuildState) (res://Godot/Scripts/Terrain/Fill/TerrainObjectsFill.cs:388)
   GDScript backtrace (most recent call first):
       [0] _initialize (res://Tools/_diag_collider_triangles.gd:16)
   C# backtrace (most recent call first):
       [0] void Godot.GD.PushWarning(string) (/root/godot/modules/mono/glue/GodotSharp/GodotSharp/Core/GD.cs:396)
       [1] void SphServer.Godot.Scripts.Terrain.Fill.TerrainObjectsFill.ProcessJsonForBatches(string, Godot.Node3D, Godot.Node3D, Godot.Node3D, System.Collections.Generic.Dictionary`2[System.ValueTuple`3[Godot.Node3D,System.String,Godot.Mesh],System.Collections.Generic.List`1[SphServer.Godot.Scripts.Terrain.Fill.TerrainObjectsFill+InstancePlacement]], System.Collections.Generic.Dictionary`2[System.String,SphServer.Godot.Scripts.Terrain.Fill.TerrainObjectsFill+ObjectSceneParts], SphServer.Godot.Scripts.Terrain.Fill.TerrainObjectsFill+ColliderBuildState) (D:\SphereDev\SphereSource\SphereEmu\Godot\Scripts\Terrain\Fill\TerrainObjectsFill.cs:388)
       [2] void SphServer.Godot.Scripts.Terrain.Fill.TerrainObjectsFill.RebuildTerrainObjects() (D:\SphereDev\SphereSource\SphereEmu\Godot\Scripts\Terrain\Fill\TerrainObjectsFill.cs:186)
       [3] bool SphServer.Godot.Scripts.Terrain.Fill.TerrainObjectsFill.InvokeGodotClassMethod(Godot.NativeInterop.godot_string_name&, Godot.NativeInterop.NativeVariantPtrArgs, Godot.NativeInterop.godot_variant&) (D:\SphereDev\SphereSource\SphereEmu\.godot\mono\temp\obj\Debug\Godot.SourceGenerators\Godot.SourceGenerators.ScriptMethodsGenerator\SphServer.Godot.Scripts.Terrain.Fill.TerrainObjectsFill_ScriptMethods.generated.cs:116)
       [4] Godot.NativeInterop.godot_bool Godot.Bridge.CSharpInstanceBridge.Call(nint, Godot.NativeInterop.godot_string_name*, Godot.NativeInterop.godot_variant**, int, Godot.NativeInterop.godot_variant_call_error*, Godot.NativeInterop.godot_variant*) (/root/godot/modules/mono/glue/GodotSharp/GodotSharp/Core/Bridge/CSharpInstanceBridge.cs:24)
WARNING: TerrainObjectsFill: no drawable mesh for 'npc29' (missing mesh or skinned-only)
   at: void SphServer.Godot.Scripts.Terrain.Fill.TerrainObjectsFill.ProcessJsonForBatches(string, Godot.Node3D, Godot.Node3D, Godot.Node3D, System.Collections.Generic.Dictionary`2[System.ValueTuple`3[Godot.Node3D,System.String,Godot.Mesh],System.Collections.Generic.List`1[SphServer.Godot.Scripts.Terrain.Fill.TerrainObjectsFill+InstancePlacement]], System.Collections.Generic.Dictionary`2[System.String,SphServer.Godot.Scripts.Terrain.Fill.TerrainObjectsFill+ObjectSceneParts], SphServer.Godot.Scripts.Terrain.Fill.TerrainObjectsFill+ColliderBuildState) (res://Godot/Scripts/Terrain/Fill/TerrainObjectsFill.cs:388)
   GDScript backtrace (most recent call first):
       [0] _initialize (res://Tools/_diag_collider_triangles.gd:16)
   C# backtrace (most recent call first):
       [0] void Godot.GD.PushWarning(string) (/root/godot/modules/mono/glue/GodotSharp/GodotSharp/Core/GD.cs:396)
       [1] void SphServer.Godot.Scripts.Terrain.Fill.TerrainObjectsFill.ProcessJsonForBatches(string, Godot.Node3D, Godot.Node3D, Godot.Node3D, System.Collections.Generic.Dictionary`2[System.ValueTuple`3[Godot.Node3D,System.String,Godot.Mesh],System.Collections.Generic.List`1[SphServer.Godot.Scripts.Terrain.Fill.TerrainObjectsFill+InstancePlacement]], System.Collections.Generic.Dictionary`2[System.String,SphServer.Godot.Scripts.Terrain.Fill.TerrainObjectsFill+ObjectSceneParts], SphServer.Godot.Scripts.Terrain.Fill.TerrainObjectsFill+ColliderBuildState) (D:\SphereDev\SphereSource\SphereEmu\Godot\Scripts\Terrain\Fill\TerrainObjectsFill.cs:388)
       [2] void SphServer.Godot.Scripts.Terrain.Fill.TerrainObjectsFill.RebuildTerrainObjects() (D:\SphereDev\SphereSource\SphereEmu\Godot\Scripts\Terrain\Fill\TerrainObjectsFill.cs:186)
       [3] bool SphServer.Godot.Scripts.Terrain.Fill.TerrainObjectsFill.InvokeGodotClassMethod(Godot.NativeInterop.godot_string_name&, Godot.NativeInterop.NativeVariantPtrArgs, Godot.NativeInterop.godot_variant&) (D:\SphereDev\SphereSource\SphereEmu\.godot\mono\temp\obj\Debug\Godot.SourceGenerators\Godot.SourceGenerators.ScriptMethodsGenerator\SphServer.Godot.Scripts.Terrain.Fill.TerrainObjectsFill_ScriptMethods.generated.cs:116)
       [4] Godot.NativeInterop.godot_bool Godot.Bridge.CSharpInstanceBridge.Call(nint, Godot.NativeInterop.godot_string_name*, Godot.NativeInterop.godot_variant**, int, Godot.NativeInterop.godot_variant_call_error*, Godot.NativeInterop.godot_variant*) (/root/godot/modules/mono/glue/GodotSharp/GodotSharp/Core/Bridge/CSharpInstanceBridge.cs:24)
WARNING: TerrainObjectsFill: no drawable mesh for 'npc06' (missing mesh or skinned-only)
   at: void SphServer.Godot.Scripts.Terrain.Fill.TerrainObjectsFill.ProcessJsonForBatches(string, Godot.Node3D, Godot.Node3D, Godot.Node3D, System.Collections.Generic.Dictionary`2[System.ValueTuple`3[Godot.Node3D,System.String,Godot.Mesh],System.Collections.Generic.List`1[SphServer.Godot.Scripts.Terrain.Fill.TerrainObjectsFill+InstancePlacement]], System.Collections.Generic.Dictionary`2[System.String,SphServer.Godot.Scripts.Terrain.Fill.TerrainObjectsFill+ObjectSceneParts], SphServer.Godot.Scripts.Terrain.Fill.TerrainObjectsFill+ColliderBuildState) (res://Godot/Scripts/Terrain/Fill/TerrainObjectsFill.cs:388)
   GDScript backtrace (most recent call first):
       [0] _initialize (res://Tools/_diag_collider_triangles.gd:16)
   C# backtrace (most recent call first):
       [0] void Godot.GD.PushWarning(string) (/root/godot/modules/mono/glue/GodotSharp/GodotSharp/Core/GD.cs:396)
       [1] void SphServer.Godot.Scripts.Terrain.Fill.TerrainObjectsFill.ProcessJsonForBatches(string, Godot.Node3D, Godot.Node3D, Godot.Node3D, System.Collections.Generic.Dictionary`2[System.ValueTuple`3[Godot.Node3D,System.String,Godot.Mesh],System.Collections.Generic.List`1[SphServer.Godot.Scripts.Terrain.Fill.TerrainObjectsFill+InstancePlacement]], System.Collections.Generic.Dictionary`2[System.String,SphServer.Godot.Scripts.Terrain.Fill.TerrainObjectsFill+ObjectSceneParts], SphServer.Godot.Scripts.Terrain.Fill.TerrainObjectsFill+ColliderBuildState) (D:\SphereDev\SphereSource\SphereEmu\Godot\Scripts\Terrain\Fill\TerrainObjectsFill.cs:388)
       [2] void SphServer.Godot.Scripts.Terrain.Fill.TerrainObjectsFill.RebuildTerrainObjects() (D:\SphereDev\SphereSource\SphereEmu\Godot\Scripts\Terrain\Fill\TerrainObjectsFill.cs:186)
       [3] bool SphServer.Godot.Scripts.Terrain.Fill.TerrainObjectsFill.InvokeGodotClassMethod(Godot.NativeInterop.godot_string_name&, Godot.NativeInterop.NativeVariantPtrArgs, Godot.NativeInterop.godot_variant&) (D:\SphereDev\SphereSource\SphereEmu\.godot\mono\temp\obj\Debug\Godot.SourceGenerators\Godot.SourceGenerators.ScriptMethodsGenerator\SphServer.Godot.Scripts.Terrain.Fill.TerrainObjectsFill_ScriptMethods.generated.cs:116)
       [4] Godot.NativeInterop.godot_bool Godot.Bridge.CSharpInstanceBridge.Call(nint, Godot.NativeInterop.godot_string_name*, Godot.NativeInterop.godot_variant**, int, Godot.NativeInterop.godot_variant_call_error*, Godot.NativeInterop.godot_variant*) (/root/godot/modules/mono/glue/GodotSharp/GodotSharp/Core/Bridge/CSharpInstanceBridge.cs:24)
WARNING: TerrainObjectsFill: no drawable mesh for 'npc58' (missing mesh or skinned-only)
   at: void SphServer.Godot.Scripts.Terrain.Fill.TerrainObjectsFill.ProcessJsonForBatches(string, Godot.Node3D, Godot.Node3D, Godot.Node3D, System.Collections.Generic.Dictionary`2[System.ValueTuple`3[Godot.Node3D,System.String,Godot.Mesh],System.Collections.Generic.List`1[SphServer.Godot.Scripts.Terrain.Fill.TerrainObjectsFill+InstancePlacement]], System.Collections.Generic.Dictionary`2[System.String,SphServer.Godot.Scripts.Terrain.Fill.TerrainObjectsFill+ObjectSceneParts], SphServer.Godot.Scripts.Terrain.Fill.TerrainObjectsFill+ColliderBuildState) (res://Godot/Scripts/Terrain/Fill/TerrainObjectsFill.cs:388)
   GDScript backtrace (most recent call first):
       [0] _initialize (res://Tools/_diag_collider_triangles.gd:16)
   C# backtrace (most recent call first):
       [0] void Godot.GD.PushWarning(string) (/root/godot/modules/mono/glue/GodotSharp/GodotSharp/Core/GD.cs:396)
       [1] void SphServer.Godot.Scripts.Terrain.Fill.TerrainObjectsFill.ProcessJsonForBatches(string, Godot.Node3D, Godot.Node3D, Godot.Node3D, System.Collections.Generic.Dictionary`2[System.ValueTuple`3[Godot.Node3D,System.String,Godot.Mesh],System.Collections.Generic.List`1[SphServer.Godot.Scripts.Terrain.Fill.TerrainObjectsFill+InstancePlacement]], System.Collections.Generic.Dictionary`2[System.String,SphServer.Godot.Scripts.Terrain.Fill.TerrainObjectsFill+ObjectSceneParts], SphServer.Godot.Scripts.Terrain.Fill.TerrainObjectsFill+ColliderBuildState) (D:\SphereDev\SphereSource\SphereEmu\Godot\Scripts\Terrain\Fill\TerrainObjectsFill.cs:388)
       [2] void SphServer.Godot.Scripts.Terrain.Fill.TerrainObjectsFill.RebuildTerrainObjects() (D:\SphereDev\SphereSource\SphereEmu\Godot\Scripts\Terrain\Fill\TerrainObjectsFill.cs:186)
       [3] bool SphServer.Godot.Scripts.Terrain.Fill.TerrainObjectsFill.InvokeGodotClassMethod(Godot.NativeInterop.godot_string_name&, Godot.NativeInterop.NativeVariantPtrArgs, Godot.NativeInterop.godot_variant&) (D:\SphereDev\SphereSource\SphereEmu\.godot\mono\temp\obj\Debug\Godot.SourceGenerators\Godot.SourceGenerators.ScriptMethodsGenerator\SphServer.Godot.Scripts.Terrain.Fill.TerrainObjectsFill_ScriptMethods.generated.cs:116)
       [4] Godot.NativeInterop.godot_bool Godot.Bridge.CSharpInstanceBridge.Call(nint, Godot.NativeInterop.godot_string_name*, Godot.NativeInterop.godot_variant**, int, Godot.NativeInterop.godot_variant_call_error*, Godot.NativeInterop.godot_variant*) (/root/godot/modules/mono/glue/GodotSharp/GodotSharp/Core/Bridge/CSharpInstanceBridge.cs:24)
WARNING: TerrainObjectsFill: no drawable mesh for 'npc14' (missing mesh or skinned-only)
   at: void SphServer.Godot.Scripts.Terrain.Fill.TerrainObjectsFill.ProcessJsonForBatches(string, Godot.Node3D, Godot.Node3D, Godot.Node3D, System.Collections.Generic.Dictionary`2[System.ValueTuple`3[Godot.Node3D,System.String,Godot.Mesh],System.Collections.Generic.List`1[SphServer.Godot.Scripts.Terrain.Fill.TerrainObjectsFill+InstancePlacement]], System.Collections.Generic.Dictionary`2[System.String,SphServer.Godot.Scripts.Terrain.Fill.TerrainObjectsFill+ObjectSceneParts], SphServer.Godot.Scripts.Terrain.Fill.TerrainObjectsFill+ColliderBuildState) (res://Godot/Scripts/Terrain/Fill/TerrainObjectsFill.cs:388)
   GDScript backtrace (most recent call first):
       [0] _initialize (res://Tools/_diag_collider_triangles.gd:16)
   C# backtrace (most recent call first):
       [0] void Godot.GD.PushWarning(string) (/root/godot/modules/mono/glue/GodotSharp/GodotSharp/Core/GD.cs:396)
       [1] void SphServer.Godot.Scripts.Terrain.Fill.TerrainObjectsFill.ProcessJsonForBatches(string, Godot.Node3D, Godot.Node3D, Godot.Node3D, System.Collections.Generic.Dictionary`2[System.ValueTuple`3[Godot.Node3D,System.String,Godot.Mesh],System.Collections.Generic.List`1[SphServer.Godot.Scripts.Terrain.Fill.TerrainObjectsFill+InstancePlacement]], System.Collections.Generic.Dictionary`2[System.String,SphServer.Godot.Scripts.Terrain.Fill.TerrainObjectsFill+ObjectSceneParts], SphServer.Godot.Scripts.Terrain.Fill.TerrainObjectsFill+ColliderBuildState) (D:\SphereDev\SphereSource\SphereEmu\Godot\Scripts\Terrain\Fill\TerrainObjectsFill.cs:388)
       [2] void SphServer.Godot.Scripts.Terrain.Fill.TerrainObjectsFill.RebuildTerrainObjects() (D:\SphereDev\SphereSource\SphereEmu\Godot\Scripts\Terrain\Fill\TerrainObjectsFill.cs:186)
       [3] bool SphServer.Godot.Scripts.Terrain.Fill.TerrainObjectsFill.InvokeGodotClassMethod(Godot.NativeInterop.godot_string_name&, Godot.NativeInterop.NativeVariantPtrArgs, Godot.NativeInterop.godot_variant&) (D:\SphereDev\SphereSource\SphereEmu\.godot\mono\temp\obj\Debug\Godot.SourceGenerators\Godot.SourceGenerators.ScriptMethodsGenerator\SphServer.Godot.Scripts.Terrain.Fill.TerrainObjectsFill_ScriptMethods.generated.cs:116)
       [4] Godot.NativeInterop.godot_bool Godot.Bridge.CSharpInstanceBridge.Call(nint, Godot.NativeInterop.godot_string_name*, Godot.NativeInterop.godot_variant**, int, Godot.NativeInterop.godot_variant_call_error*, Godot.NativeInterop.godot_variant*) (/root/godot/modules/mono/glue/GodotSharp/GodotSharp/Core/Bridge/CSharpInstanceBridge.cs:24)
WARNING: TerrainObjectsFill: no drawable mesh for 'npc59' (missing mesh or skinned-only)
   at: void SphServer.Godot.Scripts.Terrain.Fill.TerrainObjectsFill.ProcessJsonForBatches(string, Godot.Node3D, Godot.Node3D, Godot.Node3D, System.Collections.Generic.Dictionary`2[System.ValueTuple`3[Godot.Node3D,System.String,Godot.Mesh],System.Collections.Generic.List`1[SphServer.Godot.Scripts.Terrain.Fill.TerrainObjectsFill+InstancePlacement]], System.Collections.Generic.Dictionary`2[System.String,SphServer.Godot.Scripts.Terrain.Fill.TerrainObjectsFill+ObjectSceneParts], SphServer.Godot.Scripts.Terrain.Fill.TerrainObjectsFill+ColliderBuildState) (res://Godot/Scripts/Terrain/Fill/TerrainObjectsFill.cs:388)
   GDScript backtrace (most recent call first):
       [0] _initialize (res://Tools/_diag_collider_triangles.gd:16)
   C# backtrace (most recent call first):
       [0] void Godot.GD.PushWarning(string) (/root/godot/modules/mono/glue/GodotSharp/GodotSharp/Core/GD.cs:396)
       [1] void SphServer.Godot.Scripts.Terrain.Fill.TerrainObjectsFill.ProcessJsonForBatches(string, Godot.Node3D, Godot.Node3D, Godot.Node3D, System.Collections.Generic.Dictionary`2[System.ValueTuple`3[Godot.Node3D,System.String,Godot.Mesh],System.Collections.Generic.List`1[SphServer.Godot.Scripts.Terrain.Fill.TerrainObjectsFill+InstancePlacement]], System.Collections.Generic.Dictionary`2[System.String,SphServer.Godot.Scripts.Terrain.Fill.TerrainObjectsFill+ObjectSceneParts], SphServer.Godot.Scripts.Terrain.Fill.TerrainObjectsFill+ColliderBuildState) (D:\SphereDev\SphereSource\SphereEmu\Godot\Scripts\Terrain\Fill\TerrainObjectsFill.cs:388)
       [2] void SphServer.Godot.Scripts.Terrain.Fill.TerrainObjectsFill.RebuildTerrainObjects() (D:\SphereDev\SphereSource\SphereEmu\Godot\Scripts\Terrain\Fill\TerrainObjectsFill.cs:186)
       [3] bool SphServer.Godot.Scripts.Terrain.Fill.TerrainObjectsFill.InvokeGodotClassMethod(Godot.NativeInterop.godot_string_name&, Godot.NativeInterop.NativeVariantPtrArgs, Godot.NativeInterop.godot_variant&) (D:\SphereDev\SphereSource\SphereEmu\.godot\mono\temp\obj\Debug\Godot.SourceGenerators\Godot.SourceGenerators.ScriptMethodsGenerator\SphServer.Godot.Scripts.Terrain.Fill.TerrainObjectsFill_ScriptMethods.generated.cs:116)
       [4] Godot.NativeInterop.godot_bool Godot.Bridge.CSharpInstanceBridge.Call(nint, Godot.NativeInterop.godot_string_name*, Godot.NativeInterop.godot_variant**, int, Godot.NativeInterop.godot_variant_call_error*, Godot.NativeInterop.godot_variant*) (/root/godot/modules/mono/glue/GodotSharp/GodotSharp/Core/Bridge/CSharpInstanceBridge.cs:24)
WARNING: TerrainObjectsFill: no drawable mesh for 'npc08' (missing mesh or skinned-only)
   at: void SphServer.Godot.Scripts.Terrain.Fill.TerrainObjectsFill.ProcessJsonForBatches(string, Godot.Node3D, Godot.Node3D, Godot.Node3D, System.Collections.Generic.Dictionary`2[System.ValueTuple`3[Godot.Node3D,System.String,Godot.Mesh],System.Collections.Generic.List`1[SphServer.Godot.Scripts.Terrain.Fill.TerrainObjectsFill+InstancePlacement]], System.Collections.Generic.Dictionary`2[System.String,SphServer.Godot.Scripts.Terrain.Fill.TerrainObjectsFill+ObjectSceneParts], SphServer.Godot.Scripts.Terrain.Fill.TerrainObjectsFill+ColliderBuildState) (res://Godot/Scripts/Terrain/Fill/TerrainObjectsFill.cs:388)
   GDScript backtrace (most recent call first):
       [0] _initialize (res://Tools/_diag_collider_triangles.gd:16)
   C# backtrace (most recent call first):
       [0] void Godot.GD.PushWarning(string) (/root/godot/modules/mono/glue/GodotSharp/GodotSharp/Core/GD.cs:396)
       [1] void SphServer.Godot.Scripts.Terrain.Fill.TerrainObjectsFill.ProcessJsonForBatches(string, Godot.Node3D, Godot.Node3D, Godot.Node3D, System.Collections.Generic.Dictionary`2[System.ValueTuple`3[Godot.Node3D,System.String,Godot.Mesh],System.Collections.Generic.List`1[SphServer.Godot.Scripts.Terrain.Fill.TerrainObjectsFill+InstancePlacement]], System.Collections.Generic.Dictionary`2[System.String,SphServer.Godot.Scripts.Terrain.Fill.TerrainObjectsFill+ObjectSceneParts], SphServer.Godot.Scripts.Terrain.Fill.TerrainObjectsFill+ColliderBuildState) (D:\SphereDev\SphereSource\SphereEmu\Godot\Scripts\Terrain\Fill\TerrainObjectsFill.cs:388)
       [2] void SphServer.Godot.Scripts.Terrain.Fill.TerrainObjectsFill.RebuildTerrainObjects() (D:\SphereDev\SphereSource\SphereEmu\Godot\Scripts\Terrain\Fill\TerrainObjectsFill.cs:186)
       [3] bool SphServer.Godot.Scripts.Terrain.Fill.TerrainObjectsFill.InvokeGodotClassMethod(Godot.NativeInterop.godot_string_name&, Godot.NativeInterop.NativeVariantPtrArgs, Godot.NativeInterop.godot_variant&) (D:\SphereDev\SphereSource\SphereEmu\.godot\mono\temp\obj\Debug\Godot.SourceGenerators\Godot.SourceGenerators.ScriptMethodsGenerator\SphServer.Godot.Scripts.Terrain.Fill.TerrainObjectsFill_ScriptMethods.generated.cs:116)
       [4] Godot.NativeInterop.godot_bool Godot.Bridge.CSharpInstanceBridge.Call(nint, Godot.NativeInterop.godot_string_name*, Godot.NativeInterop.godot_variant**, int, Godot.NativeInterop.godot_variant_call_error*, Godot.NativeInterop.godot_variant*) (/root/godot/modules/mono/glue/GodotSharp/GodotSharp/Core/Bridge/CSharpInstanceBridge.cs:24)
WARNING: TerrainObjectsFill: no drawable mesh for 'npc07' (missing mesh or skinned-only)
   at: void SphServer.Godot.Scripts.Terrain.Fill.TerrainObjectsFill.ProcessJsonForBatches(string, Godot.Node3D, Godot.Node3D, Godot.Node3D, System.Collections.Generic.Dictionary`2[System.ValueTuple`3[Godot.Node3D,System.String,Godot.Mesh],System.Collections.Generic.List`1[SphServer.Godot.Scripts.Terrain.Fill.TerrainObjectsFill+InstancePlacement]], System.Collections.Generic.Dictionary`2[System.String,SphServer.Godot.Scripts.Terrain.Fill.TerrainObjectsFill+ObjectSceneParts], SphServer.Godot.Scripts.Terrain.Fill.TerrainObjectsFill+ColliderBuildState) (res://Godot/Scripts/Terrain/Fill/TerrainObjectsFill.cs:388)
   GDScript backtrace (most recent call first):
       [0] _initialize (res://Tools/_diag_collider_triangles.gd:16)
   C# backtrace (most recent call first):
       [0] void Godot.GD.PushWarning(string) (/root/godot/modules/mono/glue/GodotSharp/GodotSharp/Core/GD.cs:396)
       [1] void SphServer.Godot.Scripts.Terrain.Fill.TerrainObjectsFill.ProcessJsonForBatches(string, Godot.Node3D, Godot.Node3D, Godot.Node3D, System.Collections.Generic.Dictionary`2[System.ValueTuple`3[Godot.Node3D,System.String,Godot.Mesh],System.Collections.Generic.List`1[SphServer.Godot.Scripts.Terrain.Fill.TerrainObjectsFill+InstancePlacement]], System.Collections.Generic.Dictionary`2[System.String,SphServer.Godot.Scripts.Terrain.Fill.TerrainObjectsFill+ObjectSceneParts], SphServer.Godot.Scripts.Terrain.Fill.TerrainObjectsFill+ColliderBuildState) (D:\SphereDev\SphereSource\SphereEmu\Godot\Scripts\Terrain\Fill\TerrainObjectsFill.cs:388)
       [2] void SphServer.Godot.Scripts.Terrain.Fill.TerrainObjectsFill.RebuildTerrainObjects() (D:\SphereDev\SphereSource\SphereEmu\Godot\Scripts\Terrain\Fill\TerrainObjectsFill.cs:186)
       [3] bool SphServer.Godot.Scripts.Terrain.Fill.TerrainObjectsFill.InvokeGodotClassMethod(Godot.NativeInterop.godot_string_name&, Godot.NativeInterop.NativeVariantPtrArgs, Godot.NativeInterop.godot_variant&) (D:\SphereDev\SphereSource\SphereEmu\.godot\mono\temp\obj\Debug\Godot.SourceGenerators\Godot.SourceGenerators.ScriptMethodsGenerator\SphServer.Godot.Scripts.Terrain.Fill.TerrainObjectsFill_ScriptMethods.generated.cs:116)
       [4] Godot.NativeInterop.godot_bool Godot.Bridge.CSharpInstanceBridge.Call(nint, Godot.NativeInterop.godot_string_name*, Godot.NativeInterop.godot_variant**, int, Godot.NativeInterop.godot_variant_call_error*, Godot.NativeInterop.godot_variant*) (/root/godot/modules/mono/glue/GodotSharp/GodotSharp/Core/Bridge/CSharpInstanceBridge.cs:24)
WARNING: TerrainObjectsFill: no drawable mesh for 'npc29d' (missing mesh or skinned-only)
   at: void SphServer.Godot.Scripts.Terrain.Fill.TerrainObjectsFill.ProcessJsonForBatches(string, Godot.Node3D, Godot.Node3D, Godot.Node3D, System.Collections.Generic.Dictionary`2[System.ValueTuple`3[Godot.Node3D,System.String,Godot.Mesh],System.Collections.Generic.List`1[SphServer.Godot.Scripts.Terrain.Fill.TerrainObjectsFill+InstancePlacement]], System.Collections.Generic.Dictionary`2[System.String,SphServer.Godot.Scripts.Terrain.Fill.TerrainObjectsFill+ObjectSceneParts], SphServer.Godot.Scripts.Terrain.Fill.TerrainObjectsFill+ColliderBuildState) (res://Godot/Scripts/Terrain/Fill/TerrainObjectsFill.cs:388)
   GDScript backtrace (most recent call first):
       [0] _initialize (res://Tools/_diag_collider_triangles.gd:16)
   C# backtrace (most recent call first):
       [0] void Godot.GD.PushWarning(string) (/root/godot/modules/mono/glue/GodotSharp/GodotSharp/Core/GD.cs:396)
       [1] void SphServer.Godot.Scripts.Terrain.Fill.TerrainObjectsFill.ProcessJsonForBatches(string, Godot.Node3D, Godot.Node3D, Godot.Node3D, System.Collections.Generic.Dictionary`2[System.ValueTuple`3[Godot.Node3D,System.String,Godot.Mesh],System.Collections.Generic.List`1[SphServer.Godot.Scripts.Terrain.Fill.TerrainObjectsFill+InstancePlacement]], System.Collections.Generic.Dictionary`2[System.String,SphServer.Godot.Scripts.Terrain.Fill.TerrainObjectsFill+ObjectSceneParts], SphServer.Godot.Scripts.Terrain.Fill.TerrainObjectsFill+ColliderBuildState) (D:\SphereDev\SphereSource\SphereEmu\Godot\Scripts\Terrain\Fill\TerrainObjectsFill.cs:388)
       [2] void SphServer.Godot.Scripts.Terrain.Fill.TerrainObjectsFill.RebuildTerrainObjects() (D:\SphereDev\SphereSource\SphereEmu\Godot\Scripts\Terrain\Fill\TerrainObjectsFill.cs:186)
       [3] bool SphServer.Godot.Scripts.Terrain.Fill.TerrainObjectsFill.InvokeGodotClassMethod(Godot.NativeInterop.godot_string_name&, Godot.NativeInterop.NativeVariantPtrArgs, Godot.NativeInterop.godot_variant&) (D:\SphereDev\SphereSource\SphereEmu\.godot\mono\temp\obj\Debug\Godot.SourceGenerators\Godot.SourceGenerators.ScriptMethodsGenerator\SphServer.Godot.Scripts.Terrain.Fill.TerrainObjectsFill_ScriptMethods.generated.cs:116)
       [4] Godot.NativeInterop.godot_bool Godot.Bridge.CSharpInstanceBridge.Call(nint, Godot.NativeInterop.godot_string_name*, Godot.NativeInterop.godot_variant**, int, Godot.NativeInterop.godot_variant_call_error*, Godot.NativeInterop.godot_variant*) (/root/godot/modules/mono/glue/GodotSharp/GodotSharp/Core/Bridge/CSharpInstanceBridge.cs:24)
WARNING: TerrainObjectsFill: no drawable mesh for 'crt02' (missing mesh or skinned-only)
   at: void SphServer.Godot.Scripts.Terrain.Fill.TerrainObjectsFill.ProcessJsonForBatches(string, Godot.Node3D, Godot.Node3D, Godot.Node3D, System.Collections.Generic.Dictionary`2[System.ValueTuple`3[Godot.Node3D,System.String,Godot.Mesh],System.Collections.Generic.List`1[SphServer.Godot.Scripts.Terrain.Fill.TerrainObjectsFill+InstancePlacement]], System.Collections.Generic.Dictionary`2[System.String,SphServer.Godot.Scripts.Terrain.Fill.TerrainObjectsFill+ObjectSceneParts], SphServer.Godot.Scripts.Terrain.Fill.TerrainObjectsFill+ColliderBuildState) (res://Godot/Scripts/Terrain/Fill/TerrainObjectsFill.cs:388)
   GDScript backtrace (most recent call first):
       [0] _initialize (res://Tools/_diag_collider_triangles.gd:16)
   C# backtrace (most recent call first):
       [0] void Godot.GD.PushWarning(string) (/root/godot/modules/mono/glue/GodotSharp/GodotSharp/Core/GD.cs:396)
       [1] void SphServer.Godot.Scripts.Terrain.Fill.TerrainObjectsFill.ProcessJsonForBatches(string, Godot.Node3D, Godot.Node3D, Godot.Node3D, System.Collections.Generic.Dictionary`2[System.ValueTuple`3[Godot.Node3D,System.String,Godot.Mesh],System.Collections.Generic.List`1[SphServer.Godot.Scripts.Terrain.Fill.TerrainObjectsFill+InstancePlacement]], System.Collections.Generic.Dictionary`2[System.String,SphServer.Godot.Scripts.Terrain.Fill.TerrainObjectsFill+ObjectSceneParts], SphServer.Godot.Scripts.Terrain.Fill.TerrainObjectsFill+ColliderBuildState) (D:\SphereDev\SphereSource\SphereEmu\Godot\Scripts\Terrain\Fill\TerrainObjectsFill.cs:388)
       [2] void SphServer.Godot.Scripts.Terrain.Fill.TerrainObjectsFill.RebuildTerrainObjects() (D:\SphereDev\SphereSource\SphereEmu\Godot\Scripts\Terrain\Fill\TerrainObjectsFill.cs:186)
       [3] bool SphServer.Godot.Scripts.Terrain.Fill.TerrainObjectsFill.InvokeGodotClassMethod(Godot.NativeInterop.godot_string_name&, Godot.NativeInterop.NativeVariantPtrArgs, Godot.NativeInterop.godot_variant&) (D:\SphereDev\SphereSource\SphereEmu\.godot\mono\temp\obj\Debug\Godot.SourceGenerators\Godot.SourceGenerators.ScriptMethodsGenerator\SphServer.Godot.Scripts.Terrain.Fill.TerrainObjectsFill_ScriptMethods.generated.cs:116)
       [4] Godot.NativeInterop.godot_bool Godot.Bridge.CSharpInstanceBridge.Call(nint, Godot.NativeInterop.godot_string_name*, Godot.NativeInterop.godot_variant**, int, Godot.NativeInterop.godot_variant_call_error*, Godot.NativeInterop.godot_variant*) (/root/godot/modules/mono/glue/GodotSharp/GodotSharp/Core/Bridge/CSharpInstanceBridge.cs:24)
WARNING: TerrainObjectsFill: no drawable mesh for 'char05' (missing mesh or skinned-only)
   at: void SphServer.Godot.Scripts.Terrain.Fill.TerrainObjectsFill.ProcessJsonForBatches(string, Godot.Node3D, Godot.Node3D, Godot.Node3D, System.Collections.Generic.Dictionary`2[System.ValueTuple`3[Godot.Node3D,System.String,Godot.Mesh],System.Collections.Generic.List`1[SphServer.Godot.Scripts.Terrain.Fill.TerrainObjectsFill+InstancePlacement]], System.Collections.Generic.Dictionary`2[System.String,SphServer.Godot.Scripts.Terrain.Fill.TerrainObjectsFill+ObjectSceneParts], SphServer.Godot.Scripts.Terrain.Fill.TerrainObjectsFill+ColliderBuildState) (res://Godot/Scripts/Terrain/Fill/TerrainObjectsFill.cs:388)
   GDScript backtrace (most recent call first):
       [0] _initialize (res://Tools/_diag_collider_triangles.gd:16)
   C# backtrace (most recent call first):
       [0] void Godot.GD.PushWarning(string) (/root/godot/modules/mono/glue/GodotSharp/GodotSharp/Core/GD.cs:396)
       [1] void SphServer.Godot.Scripts.Terrain.Fill.TerrainObjectsFill.ProcessJsonForBatches(string, Godot.Node3D, Godot.Node3D, Godot.Node3D, System.Collections.Generic.Dictionary`2[System.ValueTuple`3[Godot.Node3D,System.String,Godot.Mesh],System.Collections.Generic.List`1[SphServer.Godot.Scripts.Terrain.Fill.TerrainObjectsFill+InstancePlacement]], System.Collections.Generic.Dictionary`2[System.String,SphServer.Godot.Scripts.Terrain.Fill.TerrainObjectsFill+ObjectSceneParts], SphServer.Godot.Scripts.Terrain.Fill.TerrainObjectsFill+ColliderBuildState) (D:\SphereDev\SphereSource\SphereEmu\Godot\Scripts\Terrain\Fill\TerrainObjectsFill.cs:388)
       [2] void SphServer.Godot.Scripts.Terrain.Fill.TerrainObjectsFill.RebuildTerrainObjects() (D:\SphereDev\SphereSource\SphereEmu\Godot\Scripts\Terrain\Fill\TerrainObjectsFill.cs:186)
       [3] bool SphServer.Godot.Scripts.Terrain.Fill.TerrainObjectsFill.InvokeGodotClassMethod(Godot.NativeInterop.godot_string_name&, Godot.NativeInterop.NativeVariantPtrArgs, Godot.NativeInterop.godot_variant&) (D:\SphereDev\SphereSource\SphereEmu\.godot\mono\temp\obj\Debug\Godot.SourceGenerators\Godot.SourceGenerators.ScriptMethodsGenerator\SphServer.Godot.Scripts.Terrain.Fill.TerrainObjectsFill_ScriptMethods.generated.cs:116)
       [4] Godot.NativeInterop.godot_bool Godot.Bridge.CSharpInstanceBridge.Call(nint, Godot.NativeInterop.godot_string_name*, Godot.NativeInterop.godot_variant**, int, Godot.NativeInterop.godot_variant_call_error*, Godot.NativeInterop.godot_variant*) (/root/godot/modules/mono/glue/GodotSharp/GodotSharp/Core/Bridge/CSharpInstanceBridge.cs:24)
WARNING: TerrainObjectsFill: no drawable mesh for 'npc14a' (missing mesh or skinned-only)
   at: void SphServer.Godot.Scripts.Terrain.Fill.TerrainObjectsFill.ProcessJsonForBatches(string, Godot.Node3D, Godot.Node3D, Godot.Node3D, System.Collections.Generic.Dictionary`2[System.ValueTuple`3[Godot.Node3D,System.String,Godot.Mesh],System.Collections.Generic.List`1[SphServer.Godot.Scripts.Terrain.Fill.TerrainObjectsFill+InstancePlacement]], System.Collections.Generic.Dictionary`2[System.String,SphServer.Godot.Scripts.Terrain.Fill.TerrainObjectsFill+ObjectSceneParts], SphServer.Godot.Scripts.Terrain.Fill.TerrainObjectsFill+ColliderBuildState) (res://Godot/Scripts/Terrain/Fill/TerrainObjectsFill.cs:388)
   GDScript backtrace (most recent call first):
       [0] _initialize (res://Tools/_diag_collider_triangles.gd:16)
   C# backtrace (most recent call first):
       [0] void Godot.GD.PushWarning(string) (/root/godot/modules/mono/glue/GodotSharp/GodotSharp/Core/GD.cs:396)
       [1] void SphServer.Godot.Scripts.Terrain.Fill.TerrainObjectsFill.ProcessJsonForBatches(string, Godot.Node3D, Godot.Node3D, Godot.Node3D, System.Collections.Generic.Dictionary`2[System.ValueTuple`3[Godot.Node3D,System.String,Godot.Mesh],System.Collections.Generic.List`1[SphServer.Godot.Scripts.Terrain.Fill.TerrainObjectsFill+InstancePlacement]], System.Collections.Generic.Dictionary`2[System.String,SphServer.Godot.Scripts.Terrain.Fill.TerrainObjectsFill+ObjectSceneParts], SphServer.Godot.Scripts.Terrain.Fill.TerrainObjectsFill+ColliderBuildState) (D:\SphereDev\SphereSource\SphereEmu\Godot\Scripts\Terrain\Fill\TerrainObjectsFill.cs:388)
       [2] void SphServer.Godot.Scripts.Terrain.Fill.TerrainObjectsFill.RebuildTerrainObjects() (D:\SphereDev\SphereSource\SphereEmu\Godot\Scripts\Terrain\Fill\TerrainObjectsFill.cs:186)
       [3] bool SphServer.Godot.Scripts.Terrain.Fill.TerrainObjectsFill.InvokeGodotClassMethod(Godot.NativeInterop.godot_string_name&, Godot.NativeInterop.NativeVariantPtrArgs, Godot.NativeInterop.godot_variant&) (D:\SphereDev\SphereSource\SphereEmu\.godot\mono\temp\obj\Debug\Godot.SourceGenerators\Godot.SourceGenerators.ScriptMethodsGenerator\SphServer.Godot.Scripts.Terrain.Fill.TerrainObjectsFill_ScriptMethods.generated.cs:116)
       [4] Godot.NativeInterop.godot_bool Godot.Bridge.CSharpInstanceBridge.Call(nint, Godot.NativeInterop.godot_string_name*, Godot.NativeInterop.godot_variant**, int, Godot.NativeInterop.godot_variant_call_error*, Godot.NativeInterop.godot_variant*) (/root/godot/modules/mono/glue/GodotSharp/GodotSharp/Core/Bridge/CSharpInstanceBridge.cs:24)
WARNING: TerrainObjectsFill: no drawable mesh for 'npc29a' (missing mesh or skinned-only)
   at: void SphServer.Godot.Scripts.Terrain.Fill.TerrainObjectsFill.ProcessJsonForBatches(string, Godot.Node3D, Godot.Node3D, Godot.Node3D, System.Collections.Generic.Dictionary`2[System.ValueTuple`3[Godot.Node3D,System.String,Godot.Mesh],System.Collections.Generic.List`1[SphServer.Godot.Scripts.Terrain.Fill.TerrainObjectsFill+InstancePlacement]], System.Collections.Generic.Dictionary`2[System.String,SphServer.Godot.Scripts.Terrain.Fill.TerrainObjectsFill+ObjectSceneParts], SphServer.Godot.Scripts.Terrain.Fill.TerrainObjectsFill+ColliderBuildState) (res://Godot/Scripts/Terrain/Fill/TerrainObjectsFill.cs:388)
   GDScript backtrace (most recent call first):
       [0] _initialize (res://Tools/_diag_collider_triangles.gd:16)
   C# backtrace (most recent call first):
       [0] void Godot.GD.PushWarning(string) (/root/godot/modules/mono/glue/GodotSharp/GodotSharp/Core/GD.cs:396)
       [1] void SphServer.Godot.Scripts.Terrain.Fill.TerrainObjectsFill.ProcessJsonForBatches(string, Godot.Node3D, Godot.Node3D, Godot.Node3D, System.Collections.Generic.Dictionary`2[System.ValueTuple`3[Godot.Node3D,System.String,Godot.Mesh],System.Collections.Generic.List`1[SphServer.Godot.Scripts.Terrain.Fill.TerrainObjectsFill+InstancePlacement]], System.Collections.Generic.Dictionary`2[System.String,SphServer.Godot.Scripts.Terrain.Fill.TerrainObjectsFill+ObjectSceneParts], SphServer.Godot.Scripts.Terrain.Fill.TerrainObjectsFill+ColliderBuildState) (D:\SphereDev\SphereSource\SphereEmu\Godot\Scripts\Terrain\Fill\TerrainObjectsFill.cs:388)
       [2] void SphServer.Godot.Scripts.Terrain.Fill.TerrainObjectsFill.RebuildTerrainObjects() (D:\SphereDev\SphereSource\SphereEmu\Godot\Scripts\Terrain\Fill\TerrainObjectsFill.cs:186)
       [3] bool SphServer.Godot.Scripts.Terrain.Fill.TerrainObjectsFill.InvokeGodotClassMethod(Godot.NativeInterop.godot_string_name&, Godot.NativeInterop.NativeVariantPtrArgs, Godot.NativeInterop.godot_variant&) (D:\SphereDev\SphereSource\SphereEmu\.godot\mono\temp\obj\Debug\Godot.SourceGenerators\Godot.SourceGenerators.ScriptMethodsGenerator\SphServer.Godot.Scripts.Terrain.Fill.TerrainObjectsFill_ScriptMethods.generated.cs:116)
       [4] Godot.NativeInterop.godot_bool Godot.Bridge.CSharpInstanceBridge.Call(nint, Godot.NativeInterop.godot_string_name*, Godot.NativeInterop.godot_variant**, int, Godot.NativeInterop.godot_variant_call_error*, Godot.NativeInterop.godot_variant*) (/root/godot/modules/mono/glue/GodotSharp/GodotSharp/Core/Bridge/CSharpInstanceBridge.cs:24)
WARNING: TerrainObjectsFill: no drawable mesh for 'crt14e' (missing mesh or skinned-only)
   at: void SphServer.Godot.Scripts.Terrain.Fill.TerrainObjectsFill.ProcessJsonForBatches(string, Godot.Node3D, Godot.Node3D, Godot.Node3D, System.Collections.Generic.Dictionary`2[System.ValueTuple`3[Godot.Node3D,System.String,Godot.Mesh],System.Collections.Generic.List`1[SphServer.Godot.Scripts.Terrain.Fill.TerrainObjectsFill+InstancePlacement]], System.Collections.Generic.Dictionary`2[System.String,SphServer.Godot.Scripts.Terrain.Fill.TerrainObjectsFill+ObjectSceneParts], SphServer.Godot.Scripts.Terrain.Fill.TerrainObjectsFill+ColliderBuildState) (res://Godot/Scripts/Terrain/Fill/TerrainObjectsFill.cs:388)
   GDScript backtrace (most recent call first):
       [0] _initialize (res://Tools/_diag_collider_triangles.gd:16)
   C# backtrace (most recent call first):
       [0] void Godot.GD.PushWarning(string) (/root/godot/modules/mono/glue/GodotSharp/GodotSharp/Core/GD.cs:396)
       [1] void SphServer.Godot.Scripts.Terrain.Fill.TerrainObjectsFill.ProcessJsonForBatches(string, Godot.Node3D, Godot.Node3D, Godot.Node3D, System.Collections.Generic.Dictionary`2[System.ValueTuple`3[Godot.Node3D,System.String,Godot.Mesh],System.Collections.Generic.List`1[SphServer.Godot.Scripts.Terrain.Fill.TerrainObjectsFill+InstancePlacement]], System.Collections.Generic.Dictionary`2[System.String,SphServer.Godot.Scripts.Terrain.Fill.TerrainObjectsFill+ObjectSceneParts], SphServer.Godot.Scripts.Terrain.Fill.TerrainObjectsFill+ColliderBuildState) (D:\SphereDev\SphereSource\SphereEmu\Godot\Scripts\Terrain\Fill\TerrainObjectsFill.cs:388)
       [2] void SphServer.Godot.Scripts.Terrain.Fill.TerrainObjectsFill.RebuildTerrainObjects() (D:\SphereDev\SphereSource\SphereEmu\Godot\Scripts\Terrain\Fill\TerrainObjectsFill.cs:186)
       [3] bool SphServer.Godot.Scripts.Terrain.Fill.TerrainObjectsFill.InvokeGodotClassMethod(Godot.NativeInterop.godot_string_name&, Godot.NativeInterop.NativeVariantPtrArgs, Godot.NativeInterop.godot_variant&) (D:\SphereDev\SphereSource\SphereEmu\.godot\mono\temp\obj\Debug\Godot.SourceGenerators\Godot.SourceGenerators.ScriptMethodsGenerator\SphServer.Godot.Scripts.Terrain.Fill.TerrainObjectsFill_ScriptMethods.generated.cs:116)
       [4] Godot.NativeInterop.godot_bool Godot.Bridge.CSharpInstanceBridge.Call(nint, Godot.NativeInterop.godot_string_name*, Godot.NativeInterop.godot_variant**, int, Godot.NativeInterop.godot_variant_call_error*, Godot.NativeInterop.godot_variant*) (/root/godot/modules/mono/glue/GodotSharp/GodotSharp/Core/Bridge/CSharpInstanceBridge.cs:24)
SCRIPT ERROR: Trying to assign value of type 'Nil' to a variable of type 'Dictionary'.
   at: _initialize (res://Tools/_diag_collider_triangles.gd:18)
   GDScript backtrace (most recent call first):
       [0] _initialize (res://Tools/_diag_collider_triangles.gd:18)
